MPASM  5.03                       AULA 22.ASM   3-17-2017  10:36:00         PAGE  1


LOC  OBJECT CODE     LINE SOURCE TEXT
  VALUE

                      00001 ;;CURSO DE PIC
                      00002 ;;PROGRAMA 22...ESSE PROGRAM FOI DESENVOLVIDO PARA QUE O CONCEITO DE CLICO DE MAQUINA FOSSE COMPREENDIDO
                            ...ESSE PROGRA … UM BLINK EM ASSEMBLY
                      00003 ;;ESS PROGRA FOI DESENVOLVIDO NO PIC16F628A COM CLOCK DE 4MHz E CICLO DE MAQUINA = 1 / (CLOCK/4) = 1us
                      00004 ;;MAIS INFORMA«’ES NO LINK: https://www.youtube.com/watch?v=Kp52X4iwxTM&index=22&list=PLZ8dBTV2_5HQ-LrS9
                            r1dP30h8n9sh04gh
                      00005 ;;GUILHERME CARVALHO
                      00006 
                      00007 ;;INICIO DO CODIGO
                      00008 
Warning[205]: Found directive in column 1. (list)
                      00009 list p = 16f628a
                      00010 
                      00011 #include <p16f628a.inc>
                      00001         LIST
                      00002 
                      00003 ;==========================================================================
                      00004 ;  MPASM PIC16F628A processor include
                      00005 ; 
                      00006 ;  (c) Copyright 1999-2013 Microchip Technology, All rights reserved
                      00007 ;==========================================================================
                      00008 
                      00385         LIST
                      00012         
                      00013 ;;CONFIGURANDO OS FUSES DO PROCESSADOR
2007   3F10           00014          __config _INTOSC_OSC_NOCLKOUT & _WDT_OFF & _PWRTE_ON & _MCLRE_OFF & _BOREN_OFF & _LVP_OFF & DAT
                            A_CP_OFF & _CP_OFF
                      00015 
                      00016 ;;MAPEAMENTO DE MEM”RIA -> BANCOS DE MEM”RIA
                      00017 #define bank0 bcf STATUS,RP0    ;;LIMPA RPA...OU SEJA RP0 = 0
                      00018 #define bank1 bsf STATUS,RP0    ;;COLOCA NÕVEL LOGICO ALTO EM RPA...OU SEJA RP0 = 1
                      00019 
                      00020 ;;MAPEANDO A SAÕDA
                      00021 #define output PORTA,0          ;;COLOCA A LABEL OUTPUT RM RA0
                      00022 
                      00023 ;;DEFINDO A POSI«√O INICIAL DO PROGRAMA (VETOR DE RESET)
0000                  00024         org 0x00                ;;ORIGEM NO ENDERE«O 0x00 (VETOR DE RESET)
0000   2805           00025         goto setup              ;;VAI PATA AS LABELS DE CONFIGURA«’ES DO MCU
                      00026 
                      00027 ;;DEFININDO O VETOR DE INTERRUP«√O ***N√O … UTILIZADO NESSE PROGRAMA***
0004                  00028         org 0x04                ;;ORIGEM DA INTERUP«√O NO ENDERE«O 0x04 (VETOR DE INTERUP«√O)
0004   0009           00029         retfie                  ;;RETORNA DA INTERRUP«√O
                      00030 
                      00031 ;;DECLARANDO AS VARIAVEIS
                      00032         cblock 0x20             ;;INICIO DA DECLARA«√O...ENDERE«O ONDE SE INICIA OS REGISTRADORES PARA S
                            E GUARDAR AS VARIAVEIS..,CADA VARIAVEL PODE ARMAZENAR 8 BITS (2^8 = 256..O ZERO CONTA ENTAO VALO
  00000020            00033                 timmer0         ;;VARI¡VEL DE TEMPORIZA«√O 0
  00000021            00034                 timmer1         ;;VARI¡VEL DE TEMPORIZA«√O 1
                      00035         endc                    ;;FIM DA DECLARA«√O
                      00036         
                      00037 
                      00038 ;;CONFIGURANDO O MCU
0005                  00039 setup:
MPASM  5.03                       AULA 22.ASM   3-17-2017  10:36:00         PAGE  2


LOC  OBJECT CODE     LINE SOURCE TEXT
  VALUE

0005   1683           00040         bank1                   ;;SELECIONA O BANCO 1 DA MEM”RIA
0006   3000           00041         movlw 0x00              ;;MOVE O VALOR 0x00 PARA O REGISTRADOR DE TRABALHO (W)
Message[302]: Register in operand not in bank 0.  Ensure that bank bits are correct.
0007   0085           00042         movwf TRISA             ;;MOVE W PARA TRISA FAZENDO RA0 SER SAIDA DIGITAL
0008   1283           00043         bank0                   ;;SELECIONA O BANCO 0 DA MEM”RIA
0009   3000           00044         movlw 0x00              ;;MOVE 0x00 PARA O RESGISTRADOR DE TRABALHO (W)
000A   0085           00045         movwf PORTA             ;;MOVE W PARA PORTA...INICIALIZANDO PORTA
000B   3007           00046         movlw 0x07              ;;MOVE 0x07 PARA O REGISTRADOR DE TRABALHO (W)
000C   009F           00047         movwf CMCON             ;;MOVE W PARA CMCON...DESABILITA OS COMPARADORES
                      00048  
                      00049 ;;INICIO DO LOOP PRINCIPAL
000D                  00050 loop:
000D   1405           00051         bsf output              ;;SETA O OUTPUT EM NIVEL HIGH
000E   2012           00052         call delay              ;;CHAMA SUBROTINA
000F   1005           00053         bcf output              ;;SETA O OUTPUT EM NIVEL LOW
0010   2012           00054         call delay              ;;CHAMA A SUBROTINA
0011   280D           00055         goto loop               ;;VAI PARA A LABEL LOOP...FAZENDO UM LOOP INFINITO
                      00056 
0012                  00057 delay:                          ;SUB ROTINA QUE GERA O DELAY DE 500ms COM BASE NO CICLO DE MAQUINA
0012   30C8           00058         movlw .200              ;;MOVE 00 PARA W
0013   00A0           00059         movwf timmer0           ;;INICIALIZA A VARI¡VEL TIMMER0
                      00060                                 ;;GASTAM 4 CICLOS DE MAQUINA
                      00061         
0014                  00062 aux1:                           ;;LABEL AUXILIAR1
0014   30FA           00063         movlw .250              ;;MOVE 00 PARA W
0015   00A1           00064         movwf timmer1           ;;INICIALIZA A VARI¡VEL TIMMER1
                      00065                                 ;;GASTAM 2 CICLOS DE MAQUINA
                      00066 
0016                  00067 aux2:                           ;;LABEL AUXILIAR2
0016   0000           00068         nop                     ;;GASTAM 1 CICLO DE M¡QUINA
0017   0000           00069         nop                     ;;...
0018   0000           00070         nop
0019   0000           00071         nop
001A   0000           00072         nop
001B   0000           00073         nop
001C   0000           00074         nop                     ;;...
Message[305]: Using default destination of 1 (file).
001D   0BA1           00075         decfsz timmer1          ;;DECREMENTA TIMMER1 ATE QUE SEJA 0...QUANDO IGUAL A 0 PULA A LINHA ABAI
                            XO
001E   2816           00076         goto aux2               ;;VAI PARA LABEL AUXILIAR2...2 CLICOS DE MAQUINA PARA EXECUTAR
                      00077                                 ;;ESSE LA«O SE REPETE 250 VEZES
                      00078                                 ;;GASTAM 250 * 10 = 2500
Message[305]: Using default destination of 1 (file).
001F   0BA0           00079         decfsz timmer0          ;;DECREMENTA TIMMER0 ATE QUE SEJA 0...QUANDO IGUAL A 0 PULA A LINHA ABAI
                            XO
0020   2814           00080         goto aux1               ;;VAI PARA LABEL AUXILIAR1...2 CICLOS DE MAQUINA PARA EXECUTAR
                      00081                                 ;;GASTAM 2500*200 = 500000
0021   0008           00082         return                  ;;RETORNA AO LOOP PRINCIPAL
                      00083         
                      00084                 
                      00085 
                      00086         
                      00087 
MPASM  5.03                       AULA 22.ASM   3-17-2017  10:36:00         PAGE  3


LOC  OBJECT CODE     LINE SOURCE TEXT
  VALUE

                      00088         end                     ;;FIM DO PROGRAMA
MPASM  5.03                       AULA 22.ASM   3-17-2017  10:36:00         PAGE  4


SYMBOL TABLE
  LABEL                             VALUE 

ADDEN                             00000003
ADEN                              00000003
BRGH                              00000002
C                                 00000000
C1INV                             00000004
C1OUT                             00000006
C2INV                             00000005
C2OUT                             00000007
CCP1CON                           00000017
CCP1IE                            00000002
CCP1IF                            00000002
CCP1M0                            00000000
CCP1M1                            00000001
CCP1M2                            00000002
CCP1M3                            00000003
CCP1X                             00000005
CCP1Y                             00000004
CCPR1                             00000015
CCPR1H                            00000016
CCPR1L                            00000015
CIS                               00000003
CM0                               00000000
CM1                               00000001
CM2                               00000002
CMCON                             0000001F
CMIE                              00000006
CMIF                              00000006
CREN                              00000004
CSRC                              00000007
DATA_CP_OFF                       00003FFF
DATA_CP_ON                        00003EFF
DC                                00000001
EEADR                             0000009B
EECON1                            0000009C
EECON2                            0000009D
EEDATA                            0000009A
EEIE                              00000007
EEIF                              00000007
F                                 00000001
FERR                              00000002
FSR                               00000004
GIE                               00000007
INDF                              00000000
INTCON                            0000000B
INTE                              00000004
INTEDG                            00000006
INTF                              00000001
IRP                               00000007
NOT_BO                            00000000
NOT_BOD                           00000000
NOT_BOR                           00000000
NOT_PD                            00000003
NOT_POR                           00000001
MPASM  5.03                       AULA 22.ASM   3-17-2017  10:36:00         PAGE  5


SYMBOL TABLE
  LABEL                             VALUE 

NOT_RBPU                          00000007
NOT_T1SYNC                        00000002
NOT_TO                            00000004
OERR                              00000001
OPTION_REG                        00000081
OSCF                              00000003
PCL                               00000002
PCLATH                            0000000A
PCON                              0000008E
PEIE                              00000006
PIE1                              0000008C
PIR1                              0000000C
PORTA                             00000005
PORTB                             00000006
PR2                               00000092
PS0                               00000000
PS1                               00000001
PS2                               00000002
PSA                               00000003
RA0                               00000000
RA1                               00000001
RA2                               00000002
RA3                               00000003
RA4                               00000004
RA5                               00000005
RA6                               00000006
RA7                               00000007
RB0                               00000000
RB1                               00000001
RB2                               00000002
RB3                               00000003
RB4                               00000004
RB5                               00000005
RB6                               00000006
RB7                               00000007
RBIE                              00000003
RBIF                              00000000
RCIE                              00000005
RCIF                              00000005
RCREG                             0000001A
RCSTA                             00000018
RD                                00000000
RP0                               00000005
RP1                               00000006
RX9                               00000006
RX9D                              00000000
SPBRG                             00000099
SPEN                              00000007
SREN                              00000005
STATUS                            00000003
SYNC                              00000004
T0CS                              00000005
T0IE                              00000005
MPASM  5.03                       AULA 22.ASM   3-17-2017  10:36:00         PAGE  6


SYMBOL TABLE
  LABEL                             VALUE 

T0IF                              00000002
T0SE                              00000004
T1CKPS0                           00000004
T1CKPS1                           00000005
T1CON                             00000010
T1OSCEN                           00000003
T2CKPS0                           00000000
T2CKPS1                           00000001
T2CON                             00000012
TMR0                              00000001
TMR0IE                            00000005
TMR0IF                            00000002
TMR1                              0000000E
TMR1CS                            00000001
TMR1H                             0000000F
TMR1IE                            00000000
TMR1IF                            00000000
TMR1L                             0000000E
TMR1ON                            00000000
TMR2                              00000011
TMR2IE                            00000001
TMR2IF                            00000001
TMR2ON                            00000002
TOUTPS0                           00000003
TOUTPS1                           00000004
TOUTPS2                           00000005
TOUTPS3                           00000006
TRISA                             00000085
TRISA0                            00000000
TRISA1                            00000001
TRISA2                            00000002
TRISA3                            00000003
TRISA4                            00000004
TRISA5                            00000005
TRISA6                            00000006
TRISA7                            00000007
TRISB                             00000086
TRISB0                            00000000
TRISB1                            00000001
TRISB2                            00000002
TRISB3                            00000003
TRISB4                            00000004
TRISB5                            00000005
TRISB6                            00000006
TRISB7                            00000007
TRMT                              00000001
TX9                               00000006
TX9D                              00000000
TXEN                              00000005
TXIE                              00000004
TXIF                              00000004
TXREG                             00000019
TXSTA                             00000098
MPASM  5.03                       AULA 22.ASM   3-17-2017  10:36:00         PAGE  7


SYMBOL TABLE
  LABEL                             VALUE 

VR0                               00000000
VR1                               00000001
VR2                               00000002
VR3                               00000003
VRCON                             0000009F
VREN                              00000007
VROE                              00000006
VRR                               00000005
W                                 00000000
WR                                00000001
WREN                              00000002
WRERR                             00000003
Z                                 00000002
_BODEN_OFF                        00003FBF
_BODEN_ON                         00003FFF
_BOREN_OFF                        00003FBF
_BOREN_ON                         00003FFF
_CONFIG                           00002007
_CPD_OFF                          00003FFF
_CPD_ON                           00003EFF
_CP_OFF                           00003FFF
_CP_ON                            00001FFF
_DEVID1                           00002006
_ER_OSC_CLKOUT                    00003FFF
_ER_OSC_NOCLKOUT                  00003FFE
_EXTCLK_OSC                       00003FEF
_FOSC_ECIO                        00003FEF
_FOSC_EXTRCCLK                    00003FFF
_FOSC_EXTRCIO                     00003FFE
_FOSC_HS                          00003FEE
_FOSC_INTOSCCLK                   00003FFD
_FOSC_INTOSCIO                    00003FFC
_FOSC_LP                          00003FEC
_FOSC_XT                          00003FED
_HS_OSC                           00003FEE
_IDLOC0                           00002000
_IDLOC1                           00002001
_IDLOC2                           00002002
_IDLOC3                           00002003
_INTOSC_OSC_CLKOUT                00003FFD
_INTOSC_OSC_NOCLKOUT              00003FFC
_INTRC_OSC_CLKOUT                 00003FFD
_INTRC_OSC_NOCLKOUT               00003FFC
_LP_OSC                           00003FEC
_LVP_OFF                          00003F7F
_LVP_ON                           00003FFF
_MCLRE_OFF                        00003FDF
_MCLRE_ON                         00003FFF
_PWRTE_OFF                        00003FFF
_PWRTE_ON                         00003FF7
_RC_OSC_CLKOUT                    00003FFF
_RC_OSC_NOCLKOUT                  00003FFE
_WDTE_OFF                         00003FFB
MPASM  5.03                       AULA 22.ASM   3-17-2017  10:36:00         PAGE  8


SYMBOL TABLE
  LABEL                             VALUE 

_WDTE_ON                          00003FFF
_WDT_OFF                          00003FFB
_WDT_ON                           00003FFF
_XT_OSC                           00003FED
__16F628A                         00000001
aux1                              00000014
aux2                              00000016
bank0                             bcf STATUS,RP0
bank1                             bsf STATUS,RP0
delay                             00000012
loop                              0000000D
output                            PORTA,0
setup                             00000005
timmer0                           00000020
timmer1                           00000021


MEMORY USAGE MAP ('X' = Used,  '-' = Unused)

0000 : X---XXXXXXXXXXXX XXXXXXXXXXXXXXXX XX-------------- ----------------
2000 : -------X-------- ---------------- ---------------- ----------------

All other memory blocks unused.

Program Memory Words Used:    31
Program Memory Words Free:  2017


Errors   :     0
Warnings :     1 reported,     0 suppressed
Messages :     3 reported,     0 suppressed

Error[173]  : Source file path exceeds 62 characters (C:\USERS\GUILH\DESKTOP\DESKTOP\COMPUTARIAS\PIC\CURSO DE PIC\INTERMEDI·RIO\AULA
                             22 EM ASSEMBLY\AULA 22.ASM)
