;  LST file generated by mikroListExporter - v.2.0 
; Date/Time: 03-Apr-17 1:27:40 PM
;----------------------------------------------

;Address Opcode 	ASM
0x0000	0x28CC      	GOTO       204
_EEPROM_Write:
;__Lib_EEPROM.c,16 :: 		
;__Lib_EEPROM.c,20 :: 		
L_EEPROM_Write0:
0x0003	0x1683      	BSF        STATUS, 5
0x0004	0x1303      	BCF        STATUS, 6
0x0005	0x1C9C      	BTFSS      EECON1, 1
0x0006	0x2809      	GOTO       L_EEPROM_Write1
0x0007	0x0000      	NOP
0x0008	0x2803      	GOTO       L_EEPROM_Write0
L_EEPROM_Write1:
;__Lib_EEPROM.c,21 :: 		
0x0009	0x1283      	BCF        STATUS, 5
0x000A	0x0833      	MOVF       FARG_EEPROM_Write_Address, 0
0x000B	0x1683      	BSF        STATUS, 5
0x000C	0x009B      	MOVWF      EEADR
;__Lib_EEPROM.c,22 :: 		
0x000D	0x1283      	BCF        STATUS, 5
0x000E	0x0834      	MOVF       FARG_EEPROM_Write_data_, 0
0x000F	0x1683      	BSF        STATUS, 5
0x0010	0x009A      	MOVWF      EEDATA
;__Lib_EEPROM.c,23 :: 		
0x0011	0x139C      	BCF        EECON1, 7
;__Lib_EEPROM.c,24 :: 		
0x0012	0x151C      	BSF        EECON1, 2
;__Lib_EEPROM.c,26 :: 		
0x0013	0x080B      	MOVF       INTCON, 0
0x0014	0x00F0      	MOVWF      R0
;__Lib_EEPROM.c,29 :: 		
0x0015	0x138B      	BCF        INTCON, 7
;__Lib_EEPROM.c,30 :: 		
0x0016	0x3055      	MOVLW      85
0x0017	0x009D      	MOVWF      EECON2
;__Lib_EEPROM.c,31 :: 		
0x0018	0x30AA      	MOVLW      170
0x0019	0x009D      	MOVWF      EECON2
;__Lib_EEPROM.c,32 :: 		
0x001A	0x149C      	BSF        EECON1, 1
;__Lib_EEPROM.c,36 :: 		
0x001B	0x1BF0      	BTFSC      R0, 7
0x001C	0x281F      	GOTO       L__EEPROM_Write2
0x001D	0x138B      	BCF        INTCON, 7
0x001E	0x2820      	GOTO       L__EEPROM_Write3
L__EEPROM_Write2:
0x001F	0x178B      	BSF        INTCON, 7
L__EEPROM_Write3:
;__Lib_EEPROM.c,37 :: 		
0x0020	0x111C      	BCF        EECON1, 2
;__Lib_EEPROM.c,38 :: 		
0x0021	0x0008      	RETURN
; end of _EEPROM_Write
_EEPROM_Read:
;__Lib_EEPROM.c,4 :: 		
;__Lib_EEPROM.c,5 :: 		
0x0022	0x1283      	BCF        STATUS, 5
0x0023	0x1303      	BCF        STATUS, 6
0x0024	0x0833      	MOVF       FARG_EEPROM_Read_Address, 0
0x0025	0x1683      	BSF        STATUS, 5
0x0026	0x009B      	MOVWF      EEADR
;__Lib_EEPROM.c,6 :: 		
0x0027	0x139C      	BCF        EECON1, 7
;__Lib_EEPROM.c,12 :: 		
0x0028	0x141C      	BSF        EECON1, 0
;__Lib_EEPROM.c,13 :: 		
0x0029	0x081A      	MOVF       EEDATA, 0
0x002A	0x00F0      	MOVWF      R0
;__Lib_EEPROM.c,14 :: 		
0x002B	0x0008      	RETURN
; end of _EEPROM_Read
_____DoICP:
;__Lib_System.c,6 :: 		
;__Lib_System.c,9 :: 		
0x002C	0x1283      	BCF        STATUS, 5
0x002D	0x1303      	BCF        STATUS, 6
0x002E	0x0831      	MOVF       ___DoICPAddr+1, 0
0x002F	0x008A      	MOVWF      PCLATH
;__Lib_System.c,10 :: 		
0x0030	0x0830      	MOVF       ___DoICPAddr, 0
0x0031	0x0082      	MOVWF      PCL
;__Lib_System.c,12 :: 		
0x0032	0x0008      	RETURN
; end of _____DoICP
___CC2DW:
;__Lib_System.c,24 :: 		
;__Lib_System.c,27 :: 		
_CC2D_Loop1:
;__Lib_System.c,29 :: 		
0x0033	0x202C      	CALL       _____DoICP
0x0034	0x118A      	BCF        PCLATH, 3
0x0035	0x120A      	BCF        PCLATH, 4
;__Lib_System.c,31 :: 		
0x0036	0x0080      	MOVWF      INDF
;__Lib_System.c,32 :: 		
0x0037	0x0A84      	INCF       FSR, 1
;__Lib_System.c,33 :: 		
0x0038	0x0AB0      	INCF       ___DoICPAddr, 1
;__Lib_System.c,35 :: 		
0x0039	0x1903      	BTFSC      STATUS, 2
;__Lib_System.c,36 :: 		
0x003A	0x0AB1      	INCF       ___DoICPAddr+1, 1
;__Lib_System.c,37 :: 		
0x003B	0x03F0      	DECF       R0, 1
;__Lib_System.c,39 :: 		
0x003C	0x1D03      	BTFSS      STATUS, 2
;__Lib_System.c,40 :: 		
0x003D	0x2833      	GOTO       _CC2D_Loop1
;__Lib_System.c,42 :: 		
0x003E	0x0008      	RETURN
; end of ___CC2DW
_update:
;Aula_26.c,66 :: 		void update(){
;Aula_26.c,67 :: 		if(!S2){
0x003F	0x1283      	BCF        STATUS, 5
0x0040	0x1303      	BCF        STATUS, 6
0x0041	0x1985      	BTFSC      RA3_bit, 3
0x0042	0x285D      	GOTO       L_update4
;Aula_26.c,68 :: 		counter++;
0x0043	0x0AAA      	INCF       _counter, 1
0x0044	0x1903      	BTFSC      STATUS, 2
0x0045	0x0AAB      	INCF       _counter+1, 1
;Aula_26.c,69 :: 		delay_ms(100);
0x0046	0x3082      	MOVLW      130
0x0047	0x00FC      	MOVWF      R12
0x0048	0x30DD      	MOVLW      221
0x0049	0x00FD      	MOVWF      R13
L_update5:
0x004A	0x0BFD      	DECFSZ     R13, 1
0x004B	0x284A      	GOTO       L_update5
0x004C	0x0BFC      	DECFSZ     R12, 1
0x004D	0x284A      	GOTO       L_update5
0x004E	0x0000      	NOP
0x004F	0x0000      	NOP
;Aula_26.c,70 :: 		if(counter > 0x09) counter = 0x00;
0x0050	0x3080      	MOVLW      128
0x0051	0x00F0      	MOVWF      R0
0x0052	0x3080      	MOVLW      128
0x0053	0x062B      	XORWF      _counter+1, 0
0x0054	0x0270      	SUBWF      R0, 0
0x0055	0x1D03      	BTFSS      STATUS, 2
0x0056	0x2859      	GOTO       L__update14
0x0057	0x082A      	MOVF       _counter, 0
0x0058	0x3C09      	SUBLW      9
L__update14:
0x0059	0x1803      	BTFSC      STATUS, 0
0x005A	0x285D      	GOTO       L_update6
0x005B	0x01AA      	CLRF       _counter
0x005C	0x01AB      	CLRF       _counter+1
L_update6:
;Aula_26.c,71 :: 		}
L_update4:
;Aula_26.c,72 :: 		}
0x005D	0x0008      	RETURN
; end of _update
_gravarEEPROM:
;Aula_26.c,80 :: 		void gravarEEPROM(){
;Aula_26.c,82 :: 		aux1 = EEPROM_Read(end1);                //LEITURA DA EEPROM
0x005E	0x1283      	BCF        STATUS, 5
0x005F	0x1303      	BCF        STATUS, 6
0x0060	0x082C      	MOVF       _end1, 0
0x0061	0x00B3      	MOVWF      FARG_EEPROM_Read_Address
0x0062	0x2022      	CALL       _EEPROM_Read
;Aula_26.c,83 :: 		if(aux1 == 0xFF){                        //VERIFICA SE A EERPOM ESTÁ LIMPA....QUANDO A EEPROM ESTA LIMPA TODOS OS ENDEREÇOS SÃO 0xFF
0x0063	0x0870      	MOVF       R0, 0
0x0064	0x3AFF      	XORLW      255
0x0065	0x1D03      	BTFSS      STATUS, 2
0x0066	0x2876      	GOTO       L_gravarEEPROM7
;Aula_26.c,84 :: 		EEPROM_Write(0x00, end1);        //ESCREVE O VALOR DE END1 NO ENDEREÇO 0x00
0x0067	0x1283      	BCF        STATUS, 5
0x0068	0x01B3      	CLRF       FARG_EEPROM_Write_Address
0x0069	0x082C      	MOVF       _end1, 0
0x006A	0x00B4      	MOVWF      FARG_EEPROM_Write_data_
0x006B	0x2003      	CALL       _EEPROM_Write
;Aula_26.c,85 :: 		delay_ms(10);                    //TEMPO DE ESCRITA
0x006C	0x300D      	MOVLW      13
0x006D	0x00FC      	MOVWF      R12
0x006E	0x30FB      	MOVLW      251
0x006F	0x00FD      	MOVWF      R13
L_gravarEEPROM8:
0x0070	0x0BFD      	DECFSZ     R13, 1
0x0071	0x2870      	GOTO       L_gravarEEPROM8
0x0072	0x0BFC      	DECFSZ     R12, 1
0x0073	0x2870      	GOTO       L_gravarEEPROM8
0x0074	0x0000      	NOP
0x0075	0x0000      	NOP
;Aula_26.c,86 :: 		}
L_gravarEEPROM7:
;Aula_26.c,87 :: 		armazena = EEPROM_Read(0x00);            //ARMAZENAMOS O VALOR DE STORE
0x0076	0x1283      	BCF        STATUS, 5
0x0077	0x01B3      	CLRF       FARG_EEPROM_Read_Address
0x0078	0x2022      	CALL       _EEPROM_Read
0x0079	0x0870      	MOVF       R0, 0
0x007A	0x1283      	BCF        STATUS, 5
0x007B	0x00AD      	MOVWF      _armazena
0x007C	0x01AE      	CLRF       _armazena+1
;Aula_26.c,88 :: 		delay_ms(10);                            //DELAY PARA QUE A OPERAÇÃO SEJA CONCLUIDA
0x007D	0x300D      	MOVLW      13
0x007E	0x00FC      	MOVWF      R12
0x007F	0x30FB      	MOVLW      251
0x0080	0x00FD      	MOVWF      R13
L_gravarEEPROM9:
0x0081	0x0BFD      	DECFSZ     R13, 1
0x0082	0x2881      	GOTO       L_gravarEEPROM9
0x0083	0x0BFC      	DECFSZ     R12, 1
0x0084	0x2881      	GOTO       L_gravarEEPROM9
0x0085	0x0000      	NOP
0x0086	0x0000      	NOP
;Aula_26.c,89 :: 		aux2 = armazena;                         //AUX2 RECEBE O VALOR QUE ESTA ARMAZENADO NO ENDEREÇO 0x00 DA EEPROM
0x0087	0x082D      	MOVF       _armazena, 0
0x0088	0x00B2      	MOVWF      gravarEEPROM_aux2_L0
;Aula_26.c,90 :: 		EEPROM_Write(armazena, counter);         //GRAVA NO ENDEREÇO CONRESPONDE A VARIÁVEL ARMAZENA O VALOR ATUAL DE COUNTER(VALOR QUE ESTÁ NO DISPLAY)
0x0089	0x082D      	MOVF       _armazena, 0
0x008A	0x00B3      	MOVWF      FARG_EEPROM_Write_Address
0x008B	0x082A      	MOVF       _counter, 0
0x008C	0x00B4      	MOVWF      FARG_EEPROM_Write_data_
0x008D	0x2003      	CALL       _EEPROM_Write
;Aula_26.c,91 :: 		delay_ms(10);                            //TEMPO PARA A ESCRITA
0x008E	0x300D      	MOVLW      13
0x008F	0x00FC      	MOVWF      R12
0x0090	0x30FB      	MOVLW      251
0x0091	0x00FD      	MOVWF      R13
L_gravarEEPROM10:
0x0092	0x0BFD      	DECFSZ     R13, 1
0x0093	0x2892      	GOTO       L_gravarEEPROM10
0x0094	0x0BFC      	DECFSZ     R12, 1
0x0095	0x2892      	GOTO       L_gravarEEPROM10
0x0096	0x0000      	NOP
0x0097	0x0000      	NOP
;Aula_26.c,92 :: 		aux2++;                                  //INCREMNETA AUX2
0x0098	0x1283      	BCF        STATUS, 5
0x0099	0x0AB2      	INCF       gravarEEPROM_aux2_L0, 1
;Aula_26.c,93 :: 		if(aux2 > 0x80) aux2=0x00;               //TESTA SE CEHGAMOS AO FIM DA EEPROM..SE SIM VOLTAMOS AO COMEÇO
0x009A	0x0832      	MOVF       gravarEEPROM_aux2_L0, 0
0x009B	0x3C80      	SUBLW      128
0x009C	0x1803      	BTFSC      STATUS, 0
0x009D	0x289F      	GOTO       L_gravarEEPROM11
0x009E	0x01B2      	CLRF       gravarEEPROM_aux2_L0
L_gravarEEPROM11:
;Aula_26.c,94 :: 		EEPROM_Write(0x00,aux2);                 //O ENDEREÇO 0x00 DA EEPROM IRA CONTER O ENDEREÇO ONDE O ULTIMO VALOR SALVO NA EEPROM ESTÁ
0x009F	0x01B3      	CLRF       FARG_EEPROM_Write_Address
0x00A0	0x0832      	MOVF       gravarEEPROM_aux2_L0, 0
0x00A1	0x00B4      	MOVWF      FARG_EEPROM_Write_data_
0x00A2	0x2003      	CALL       _EEPROM_Write
;Aula_26.c,95 :: 		delay_ms(10);                            //DELAY PARA A ESCRITA
0x00A3	0x300D      	MOVLW      13
0x00A4	0x00FC      	MOVWF      R12
0x00A5	0x30FB      	MOVLW      251
0x00A6	0x00FD      	MOVWF      R13
L_gravarEEPROM12:
0x00A7	0x0BFD      	DECFSZ     R13, 1
0x00A8	0x28A7      	GOTO       L_gravarEEPROM12
0x00A9	0x0BFC      	DECFSZ     R12, 1
0x00AA	0x28A7      	GOTO       L_gravarEEPROM12
0x00AB	0x0000      	NOP
0x00AC	0x0000      	NOP
;Aula_26.c,96 :: 		LED1 = 0x01;                             //LED1 RECEBE NIVEL ALTO PARA INDICAR QUE A ESCRITA FOI FEITA
0x00AD	0x1283      	BCF        STATUS, 5
0x00AE	0x1405      	BSF        RA0_bit, 0
;Aula_26.c,97 :: 		delay_ms(500);                           //DELAY
0x00AF	0x3003      	MOVLW      3
0x00B0	0x00FB      	MOVWF      R11
0x00B1	0x308A      	MOVLW      138
0x00B2	0x00FC      	MOVWF      R12
0x00B3	0x3055      	MOVLW      85
0x00B4	0x00FD      	MOVWF      R13
L_gravarEEPROM13:
0x00B5	0x0BFD      	DECFSZ     R13, 1
0x00B6	0x28B5      	GOTO       L_gravarEEPROM13
0x00B7	0x0BFC      	DECFSZ     R12, 1
0x00B8	0x28B5      	GOTO       L_gravarEEPROM13
0x00B9	0x0BFB      	DECFSZ     R11, 1
0x00BA	0x28B5      	GOTO       L_gravarEEPROM13
0x00BB	0x0000      	NOP
0x00BC	0x0000      	NOP
;Aula_26.c,98 :: 		LED1 = 0x00;                             //LED1 RECEBE NIVEL BAIXO
0x00BD	0x1005      	BCF        RA0_bit, 0
;Aula_26.c,99 :: 		}
0x00BE	0x0008      	RETURN
; end of _gravarEEPROM
_leEEPROM:
;Aula_26.c,105 :: 		void leEEPROM(){
;Aula_26.c,107 :: 		partida = EEPROM_Read(0x00);
0x00BF	0x1283      	BCF        STATUS, 5
0x00C0	0x1303      	BCF        STATUS, 6
0x00C1	0x01B3      	CLRF       FARG_EEPROM_Read_Address
0x00C2	0x2022      	CALL       _EEPROM_Read
;Aula_26.c,108 :: 		counter = EEPROM_Read(0x00+(partida-1));
0x00C3	0x0370      	DECF       R0, 0
0x00C4	0x1283      	BCF        STATUS, 5
0x00C5	0x00B3      	MOVWF      FARG_EEPROM_Read_Address
0x00C6	0x2022      	CALL       _EEPROM_Read
0x00C7	0x0870      	MOVF       R0, 0
0x00C8	0x1283      	BCF        STATUS, 5
0x00C9	0x00AA      	MOVWF      _counter
0x00CA	0x01AB      	CLRF       _counter+1
;Aula_26.c,109 :: 		}
0x00CB	0x0008      	RETURN
; end of _leEEPROM
_main:
0x00CC	0x303F      	MOVLW      63
0x00CD	0x1283      	BCF        STATUS, 5
0x00CE	0x1303      	BCF        STATUS, 6
0x00CF	0x00A0      	MOVWF      _segmento
0x00D0	0x3006      	MOVLW      6
0x00D1	0x00A1      	MOVWF      33
0x00D2	0x305B      	MOVLW      91
0x00D3	0x00A2      	MOVWF      34
0x00D4	0x304F      	MOVLW      79
0x00D5	0x00A3      	MOVWF      35
0x00D6	0x3066      	MOVLW      102
0x00D7	0x00A4      	MOVWF      36
0x00D8	0x306D      	MOVLW      109
0x00D9	0x00A5      	MOVWF      37
0x00DA	0x307D      	MOVLW      125
0x00DB	0x00A6      	MOVWF      38
0x00DC	0x3007      	MOVLW      7
0x00DD	0x00A7      	MOVWF      39
0x00DE	0x307F      	MOVLW      127
0x00DF	0x00A8      	MOVWF      40
0x00E0	0x3067      	MOVLW      103
0x00E1	0x00A9      	MOVWF      41
0x00E2	0x01AA      	CLRF       _counter
0x00E3	0x01AB      	CLRF       43
0x00E4	0x3001      	MOVLW      1
0x00E5	0x00AC      	MOVWF      _end1
;Aula_26.c,38 :: 		void main() {
;Aula_26.c,40 :: 		CMCON = 0x07;                  //DESABILITAS OS COMPARADORES
0x00E6	0x3007      	MOVLW      7
0x00E7	0x009F      	MOVWF      CMCON
;Aula_26.c,41 :: 		TRISA.RA0 = 0x00;              //DEFINE RA0 E RA1 COMO ENTRADAS
0x00E8	0x1683      	BSF        STATUS, 5
0x00E9	0x1005      	BCF        TRISA, 0
;Aula_26.c,42 :: 		TRISA.RA1 = 0x00;
0x00EA	0x1085      	BCF        TRISA, 1
;Aula_26.c,43 :: 		TRISB = 0x00;                  //DEFINE O PORTB COMO SAIDA
0x00EB	0x0186      	CLRF       TRISB
;Aula_26.c,44 :: 		PORTA = 0b01100;               //INICIA O PORTA EM LOW
0x00EC	0x300C      	MOVLW      12
0x00ED	0x1283      	BCF        STATUS, 5
0x00EE	0x0085      	MOVWF      PORTA
;Aula_26.c,45 :: 		PORTB = 0x00;                  //INICIA O PORTB EM LOW
0x00EF	0x0186      	CLRF       PORTB
;Aula_26.c,47 :: 		leEEPROM();                    //LE O VALOR DA EEPROM NO ENDEREÇO CORRETO E ATRIBUI A COUNTER (VALOR QUE É MOSTRADO NO DISPLAY)
0x00F0	0x20BF      	CALL       _leEEPROM
;Aula_26.c,49 :: 		while(1){
L_main0:
;Aula_26.c,50 :: 		update();
0x00F1	0x203F      	CALL       _update
;Aula_26.c,51 :: 		if(!S1){
0x00F2	0x1905      	BTFSC      RA2_bit, 2
0x00F3	0x28F5      	GOTO       L_main2
;Aula_26.c,52 :: 		gravarEEPROM();
0x00F4	0x205E      	CALL       _gravarEEPROM
;Aula_26.c,53 :: 		}
L_main2:
;Aula_26.c,54 :: 		valor = segmento[counter];
0x00F5	0x082A      	MOVF       _counter, 0
0x00F6	0x3E20      	ADDLW      _segmento
0x00F7	0x0084      	MOVWF      FSR
0x00F8	0x0800      	MOVF       INDF, 0
0x00F9	0x00F0      	MOVWF      R0
0x00FA	0x0870      	MOVF       R0, 0
0x00FB	0x00AF      	MOVWF      _valor
;Aula_26.c,55 :: 		PORTB = valor;
0x00FC	0x0870      	MOVF       R0, 0
0x00FD	0x0086      	MOVWF      PORTB
;Aula_26.c,56 :: 		delay_ms(150);
0x00FE	0x30C3      	MOVLW      195
0x00FF	0x00FC      	MOVWF      R12
0x0100	0x30CD      	MOVLW      205
0x0101	0x00FD      	MOVWF      R13
L_main3:
0x0102	0x0BFD      	DECFSZ     R13, 1
0x0103	0x2902      	GOTO       L_main3
0x0104	0x0BFC      	DECFSZ     R12, 1
0x0105	0x2902      	GOTO       L_main3
;Aula_26.c,57 :: 		}
0x0106	0x28F1      	GOTO       L_main0
;Aula_26.c,58 :: 		}
0x0107	0x2907      	GOTO       $+0
; end of _main
Symbol List:
//** Routines locations **
//ADDRESS    SIZE    PROCEDURE
//----------------------------------------------
0x0003      [31]    _EEPROM_Write
0x0022      [10]    _EEPROM_Read
0x002C       [7]    _____DoICP
0x0033      [12]    ___CC2DW
0x003F      [31]    _update
0x005E      [97]    _gravarEEPROM
0x00BF      [13]    _leEEPROM
0x00CC      [60]    _main
//** Variables locations ** 
//ADDRESS    SIZE    VARIABLE
//----------------------------------------------
0x0000       [1]    INDF
0x0001       [1]    TMR0
0x0002       [1]    PCL
0x0003       [1]    STATUS
0x0003       [0]    IRP_bit
0x0003       [0]    NOT_TO_bit
0x0003       [0]    RP1_bit
0x0003       [0]    NOT_PD_bit
0x0003       [0]    RP0_bit
0x0003       [0]    DC_bit
0x0003       [0]    C_bit
0x0003       [0]    Z_bit
0x0004       [1]    FSR
0x0004       [1]    FSRPTR
0x0005       [0]    RA2_bit
0x0005       [0]    RA3_bit
0x0005       [1]    PORTA
0x0005       [0]    RA7_bit
0x0005       [0]    RA6_bit
0x0005       [0]    RA4_bit
0x0005       [0]    RA5_bit
0x0005       [0]    RA1_bit
0x0005       [0]    RA0_bit
0x0006       [0]    RB1_bit
0x0006       [1]    PORTB
0x0006       [0]    RB2_bit
0x0006       [0]    RB6_bit
0x0006       [0]    RB5_bit
0x0006       [0]    RB4_bit
0x0006       [0]    RB7_bit
0x0006       [0]    RB0_bit
0x0006       [0]    RB3_bit
0x000A       [1]    PCLATH
0x000B       [0]    T0IF_bit
0x000B       [1]    INTCON
0x000B       [0]    RBIE_bit
0x000B       [0]    T0IE_bit
0x000B       [0]    INTE_bit
0x000B       [0]    GIE_bit
0x000B       [0]    PEIE_bit
0x000B       [0]    RBIF_bit
0x000B       [0]    INTF_bit
0x000C       [0]    TXIF_bit
0x000C       [0]    EEIF_bit
0x000C       [1]    PIR1
0x000C       [0]    TMR2IF_bit
0x000C       [0]    RCIF_bit
0x000C       [0]    CCP1IF_bit
0x000C       [0]    TMR1IF_bit
0x000C       [0]    CMIF_bit
0x000E       [1]    TMR1L
0x000F       [1]    TMR1H
0x0010       [0]    T1CKPS1_bit
0x0010       [0]    T1CKPS0_bit
0x0010       [1]    T1CON
0x0010       [0]    TMR1CS_bit
0x0010       [0]    NOT_T1SYNC_bit
0x0010       [0]    T1OSCEN_bit
0x0010       [0]    TMR1ON_bit
0x0011       [1]    TMR2
0x0012       [0]    TMR2ON_bit
0x0012       [0]    T2CKPS1_bit
0x0012       [0]    T2CKPS0_bit
0x0012       [1]    T2CON
0x0012       [0]    TOUTPS3_bit
0x0012       [0]    TOUTPS2_bit
0x0012       [0]    TOUTPS0_bit
0x0012       [0]    TOUTPS1_bit
0x0015       [2]    CCPR1
0x0015       [1]    CCPR1L
0x0016       [1]    CCPR1H
0x0017       [0]    CCP1M2_bit
0x0017       [0]    CCP1M1_bit
0x0017       [0]    CCP1M0_bit
0x0017       [1]    CCP1CON
0x0017       [0]    CCP1X_bit
0x0017       [0]    CCP1Y_bit
0x0017       [0]    CCP1M3_bit
0x0018       [0]    FERR_bit
0x0018       [0]    ADEN_bit
0x0018       [0]    RX9D_bit
0x0018       [0]    OERR_bit
0x0018       [0]    CREN_bit
0x0018       [0]    SPEN_bit
0x0018       [1]    RCSTA
0x0018       [0]    SREN_bit
0x0018       [0]    RX9_bit
0x0019       [1]    TXREG
0x001A       [1]    RCREG
0x001F       [0]    CM1_bit
0x001F       [0]    CM0_bit
0x001F       [1]    CMCON
0x001F       [0]    CM2_bit
0x001F       [0]    C1OUT_bit
0x001F       [0]    C2OUT_bit
0x001F       [0]    C2INV_bit
0x001F       [0]    CIS_bit
0x001F       [0]    C1INV_bit
0x0020      [10]    _segmento
0x002A       [2]    _counter
0x002C       [1]    _end1
0x002D       [2]    _armazena
0x002F       [1]    _valor
0x0030       [2]    ___DoICPAddr
0x0032       [1]    gravarEEPROM_aux2_L0
0x0033       [1]    FARG_EEPROM_Read_Address
0x0033       [1]    FARG_EEPROM_Write_Address
0x0034       [1]    FARG_EEPROM_Write_data_
0x0070       [1]    R0
0x0071       [1]    R1
0x0072       [1]    R2
0x0073       [1]    R3
0x0074       [1]    R4
0x0075       [1]    R5
0x0076       [1]    R6
0x0077       [1]    R7
0x0078       [1]    R8
0x0079       [1]    R9
0x007A       [1]    R10
0x007B       [1]    R11
0x007C       [1]    R12
0x007D       [1]    R13
0x007E       [1]    R14
0x007F       [1]    R15
0x0081       [0]    PS1_bit
0x0081       [0]    PS2_bit
0x0081       [1]    OPTION_REG
0x0081       [0]    PS0_bit
0x0081       [0]    PSA_bit
0x0081       [0]    INTEDG_bit
0x0081       [0]    NOT_RBPU_bit
0x0081       [0]    T0SE_bit
0x0081       [0]    T0CS_bit
0x0085       [0]    TRISA7_bit
0x0085       [0]    TRISA0_bit
0x0085       [0]    TRISA6_bit
0x0085       [0]    TRISA5_bit
0x0085       [0]    TRISA4_bit
0x0085       [0]    TRISA3_bit
0x0085       [0]    TRISA2_bit
0x0085       [1]    TRISA
0x0085       [0]    TRISA1_bit
0x0086       [0]    TRISB4_bit
0x0086       [0]    TRISB3_bit
0x0086       [0]    TRISB1_bit
0x0086       [0]    TRISB2_bit
0x0086       [0]    TRISB0_bit
0x0086       [1]    TRISB
0x0086       [0]    TRISB7_bit
0x0086       [0]    TRISB5_bit
0x0086       [0]    TRISB6_bit
0x008C       [1]    PIE1
0x008C       [0]    RCIE_bit
0x008C       [0]    CMIE_bit
0x008C       [0]    EEIE_bit
0x008C       [0]    TXIE_bit
0x008C       [0]    TMR1IE_bit
0x008C       [0]    TMR2IE_bit
0x008C       [0]    CCP1IE_bit
0x008E       [0]    NOT_BO_bit
0x008E       [0]    NOT_POR_bit
0x008E       [0]    OSCF_bit
0x008E       [1]    PCON
0x008E       [0]    NOT_BOD_bit
0x008E       [0]    NOT_BOR_bit
0x0092       [1]    PR2
0x0098       [0]    TXEN_bit
0x0098       [0]    SYNC_bit
0x0098       [0]    CSRC_bit
0x0098       [0]    TX9_bit
0x0098       [0]    BRGH_bit
0x0098       [1]    TXSTA
0x0098       [0]    TX9D_bit
0x0098       [0]    TRMT_bit
0x0099       [1]    SPBRG
0x009A       [1]    EEDATA
0x009B       [1]    EEADR
0x009C       [1]    EECON1
0x009C       [0]    WREN_bit
0x009C       [0]    WR_bit
0x009C       [0]    RD_bit
0x009C       [0]    WRERR_bit
0x009D       [1]    EECON2
0x009F       [0]    VR2_bit
0x009F       [0]    VR3_bit
0x009F       [0]    VR0_bit
0x009F       [0]    VR1_bit
0x009F       [0]    VREN_bit
0x009F       [1]    VRCON
0x009F       [0]    VRR_bit
0x009F       [0]    VROE_bit
//** Label List: ** 
//----------------------------------------------
  L_main0
  L_main1
  L_main2
  L_main3
  L_update4
  L_update5
  L_update6
  L_gravarEEPROM7
  L_gravarEEPROM8
  L_gravarEEPROM9
  L_gravarEEPROM10
  L_gravarEEPROM11
  L_gravarEEPROM12
  L_gravarEEPROM13
  _main
  _update
  L__update14
  _gravarEEPROM
  _leEEPROM
  L_EEPROM_Write0
  L_EEPROM_Write1
  _EEPROM_Read
  _EEPROM_Write
  L__EEPROM_Write2
  L__EEPROM_Write3
  _CC2D_Loop1
  _____DoICP
  _____DoIFC
  ___CC2DW
  _Swap
